Using pre-set license

 COMMAND LINE ARGUMENTS:
/Applications/2020.3.1f1/Unity.app/Contents/MacOS/Unity
-adb2
-batchMode
-noUpm
-name
AssetImportWorker0
-projectPath
/Users/dikshujain/Unity Project/2d platformer
-logFile
Logs/AssetImportWorker0.log
-srvPort
49741
Successfully changed project path to: /Users/dikshujain/Unity Project/2d platformer
/Users/dikshujain/Unity Project/2d platformer
Using Asset Import Pipeline V2.
Refreshing native plugins compatible for Editor in 199.29 ms, found 1 plugins.
Preloading 0 native plugins for Editor in 0.00 ms.
Initialize engine version: 2020.3.1f1 (77a89f25062f)
[Subsystems] Discovering subsystems at path /Applications/2020.3.1f1/Unity.app/Contents/Resources/UnitySubsystems
[Subsystems] Discovering subsystems at path /Users/dikshujain/Unity Project/2d platformer/Assets
GfxDevice: creating device client; threaded=0
2021-04-05 10:42:46.151 Unity[2553:37081] Color LCD preferred device: Intel(R) Iris(TM) Graphics 6000 (low power)
2021-04-05 10:42:46.151 Unity[2553:37081] Metal devices available: 1
2021-04-05 10:42:46.151 Unity[2553:37081] 0: Intel(R) Iris(TM) Graphics 6000 (low power)
2021-04-05 10:42:46.154 Unity[2553:37081] Using device Intel(R) Iris(TM) Graphics 6000 (low power)
Initializing Metal device caps: Intel(R) Iris(TM) Graphics 6000
Initialize mono
Mono path[0] = '/Applications/2020.3.1f1/Unity.app/Contents/Managed'
Mono path[1] = '/Applications/2020.3.1f1/Unity.app/Contents/MonoBleedingEdge/lib/mono/unityjit'
Mono config path = '/Applications/2020.3.1f1/Unity.app/Contents/MonoBleedingEdge/etc'
Using monoOptions --debugger-agent=transport=dt_socket,embedding=1,server=y,suspend=n,address=127.0.0.1:56553
Begin MonoManager ReloadAssembly
Registering precompiled unity dll's ...
Register platform support module: /Applications/2020.3.1f1/Unity.app/Contents/PlaybackEngines/MacStandaloneSupport/UnityEditor.OSXStandalone.Extensions.dll
Registered in 0.001088 seconds.
Native extension for OSXStandalone target not found
Refreshing native plugins compatible for Editor in 70.01 ms, found 1 plugins.
Preloading 0 native plugins for Editor in 0.00 ms.
Invoked RoslynAnalysisRunner static constructor.
RoslynAnalysisRunner will not be running.
RoslynAnalysisRunner has terminated.
Mono: successfully reloaded assembly
- Completed reload, in  5.816 seconds
Platform modules already initialized, skipping
Registering precompiled user dll's ...
Registered in 0.005526 seconds.
Begin MonoManager ReloadAssembly
Native extension for OSXStandalone target not found
Refreshing native plugins compatible for Editor in 1.00 ms, found 1 plugins.
Preloading 0 native plugins for Editor in 0.00 ms.
Invoked RoslynAnalysisRunner static constructor.
RoslynAnalysisRunner will not be running.
RoslynAnalysisRunner has terminated.
Mono: successfully reloaded assembly
- Completed reload, in  3.503 seconds
Platform modules already initialized, skipping
========================================================================
Worker process is ready to serve import requests
Launching external process: /Applications/2020.3.1f1/Unity.app/Contents/Tools/UnityShaderCompiler
Launched and connected shader compiler UnityShaderCompiler after 0.02 seconds
Refreshing native plugins compatible for Editor in 0.69 ms, found 1 plugins.
Preloading 0 native plugins for Editor in 0.00 ms.
Unloading 1533 Unused Serialized files (Serialized files now loaded: 0)
System memory in use before: 157.9 MB.
System memory in use after: 157.5 MB.

Unloading 20 unused Assets to reduce memory usage. Loaded Objects now: 1981.
Total: 3.293160 ms (FindLiveObjects: 0.282242 ms CreateObjectMapping: 0.108734 ms MarkObjects: 2.272139 ms  DeleteObjects: 0.628536 ms)

========================================================================
Received Import Request.
  path: Assets/Platforms.asset
  artifactKey: Guid(2590b1abcb597450cab00e184b27db1a) Importer(815301076,1909f56bfc062723c751e8b465ee728b)
Start importing Assets/Platforms.asset using Guid(2590b1abcb597450cab00e184b27db1a) Importer(815301076,1909f56bfc062723c751e8b465ee728b)  -> (artifact id: '13f6e8363c5fcac46cc1085ea3e803c1') in 1.486213 seconds
  Import took 1.489590 seconds .

========================================================================
Received Import Request.
  Time since last request: 8.715591 seconds.
  path: Assets/Levels/SuperMario256.ttf
  artifactKey: Guid(dd8ff2781107e438da1a4b65ec587e58) Importer(815301076,1909f56bfc062723c751e8b465ee728b)
Start importing Assets/Levels/SuperMario256.ttf using Guid(dd8ff2781107e438da1a4b65ec587e58) Importer(815301076,1909f56bfc062723c751e8b465ee728b)  -> (artifact id: '157574a261e677cab85f9636333ecd0e') in 3.597164 seconds
  Import took 3.600772 seconds .

========================================================================
Received Import Request.
  Time since last request: 0.000272 seconds.
  path: Assets/Levels/Level 1.unity
  artifactKey: Guid(9e4cff5fde8244f1c90575e2963c2137) Importer(815301076,1909f56bfc062723c751e8b465ee728b)
Start importing Assets/Levels/Level 1.unity using Guid(9e4cff5fde8244f1c90575e2963c2137) Importer(815301076,1909f56bfc062723c751e8b465ee728b)  -> (artifact id: 'cea3525db2319318086d47915449dc47') in 0.002614 seconds
  Import took 0.005825 seconds .

